  game.cpp
C:\Users\Evan\OneDrive\00. School\00. BUAS - assignments\BUAS -Programming\Ant-Game2\game.h(13,8): error C2039: 'pair': is not a member of 'std'
C:\Users\Evan\OneDrive\00. School\00. BUAS - assignments\BUAS -Programming\Ant-Game2\predefined C++ types (compiler internal)(339): message : see declaration of 'std'
C:\Users\Evan\OneDrive\00. School\00. BUAS - assignments\BUAS -Programming\Ant-Game2\game.h(13,13): error C2143: syntax error: missing ';' before '<'
C:\Users\Evan\OneDrive\00. School\00. BUAS - assignments\BUAS -Programming\Ant-Game2\game.h(13,13): error C4430: missing type specifier - int assumed. Note: C++ does not support default-int
C:\Users\Evan\OneDrive\00. School\00. BUAS - assignments\BUAS -Programming\Ant-Game2\game.h(13,24): error C2039: 'string': is not a member of 'std'
C:\Users\Evan\OneDrive\00. School\00. BUAS - assignments\BUAS -Programming\Ant-Game2\predefined C++ types (compiler internal)(339): message : see declaration of 'std'
C:\Users\Evan\OneDrive\00. School\00. BUAS - assignments\BUAS -Programming\Ant-Game2\game.h(13,42): error C2238: unexpected token(s) preceding ';'
C:\Users\Evan\OneDrive\00. School\00. BUAS - assignments\BUAS -Programming\Ant-Game2\game.cpp(33,21): error C2039: 'damages': is not a member of 'Tmpl8::Opponent'
C:\Users\Evan\OneDrive\00. School\00. BUAS - assignments\BUAS -Programming\Ant-Game2\game.h(8): message : see declaration of 'Tmpl8::Opponent'
C:\Users\Evan\OneDrive\00. School\00. BUAS - assignments\BUAS -Programming\Ant-Game2\game.cpp(34,21): error C2039: 'damages': is not a member of 'Tmpl8::Opponent'
C:\Users\Evan\OneDrive\00. School\00. BUAS - assignments\BUAS -Programming\Ant-Game2\game.h(8): message : see declaration of 'Tmpl8::Opponent'
C:\Users\Evan\OneDrive\00. School\00. BUAS - assignments\BUAS -Programming\Ant-Game2\game.cpp(35,21): error C2039: 'damages': is not a member of 'Tmpl8::Opponent'
C:\Users\Evan\OneDrive\00. School\00. BUAS - assignments\BUAS -Programming\Ant-Game2\game.h(8): message : see declaration of 'Tmpl8::Opponent'
C:\Users\Evan\OneDrive\00. School\00. BUAS - assignments\BUAS -Programming\Ant-Game2\game.cpp(36,21): error C2039: 'damages': is not a member of 'Tmpl8::Opponent'
C:\Users\Evan\OneDrive\00. School\00. BUAS - assignments\BUAS -Programming\Ant-Game2\game.h(8): message : see declaration of 'Tmpl8::Opponent'
C:\Users\Evan\OneDrive\00. School\00. BUAS - assignments\BUAS -Programming\Ant-Game2\game.cpp(37,21): error C2039: 'damages': is not a member of 'Tmpl8::Opponent'
C:\Users\Evan\OneDrive\00. School\00. BUAS - assignments\BUAS -Programming\Ant-Game2\game.h(8): message : see declaration of 'Tmpl8::Opponent'
C:\Users\Evan\OneDrive\00. School\00. BUAS - assignments\BUAS -Programming\Ant-Game2\game.cpp(38,21): error C2039: 'damages': is not a member of 'Tmpl8::Opponent'
C:\Users\Evan\OneDrive\00. School\00. BUAS - assignments\BUAS -Programming\Ant-Game2\game.h(8): message : see declaration of 'Tmpl8::Opponent'
C:\Users\Evan\OneDrive\00. School\00. BUAS - assignments\BUAS -Programming\Ant-Game2\game.cpp(43,21): error C2039: 'damages': is not a member of 'Tmpl8::Opponent'
C:\Users\Evan\OneDrive\00. School\00. BUAS - assignments\BUAS -Programming\Ant-Game2\game.h(8): message : see declaration of 'Tmpl8::Opponent'
C:\Users\Evan\OneDrive\00. School\00. BUAS - assignments\BUAS -Programming\Ant-Game2\game.cpp(44,21): error C2039: 'damages': is not a member of 'Tmpl8::Opponent'
C:\Users\Evan\OneDrive\00. School\00. BUAS - assignments\BUAS -Programming\Ant-Game2\game.h(8): message : see declaration of 'Tmpl8::Opponent'
C:\Users\Evan\OneDrive\00. School\00. BUAS - assignments\BUAS -Programming\Ant-Game2\game.cpp(45,21): error C2039: 'damages': is not a member of 'Tmpl8::Opponent'
C:\Users\Evan\OneDrive\00. School\00. BUAS - assignments\BUAS -Programming\Ant-Game2\game.h(8): message : see declaration of 'Tmpl8::Opponent'
C:\Users\Evan\OneDrive\00. School\00. BUAS - assignments\BUAS -Programming\Ant-Game2\game.cpp(46,21): error C2039: 'damages': is not a member of 'Tmpl8::Opponent'
C:\Users\Evan\OneDrive\00. School\00. BUAS - assignments\BUAS -Programming\Ant-Game2\game.h(8): message : see declaration of 'Tmpl8::Opponent'
C:\Users\Evan\OneDrive\00. School\00. BUAS - assignments\BUAS -Programming\Ant-Game2\game.cpp(47,21): error C2039: 'damages': is not a member of 'Tmpl8::Opponent'
C:\Users\Evan\OneDrive\00. School\00. BUAS - assignments\BUAS -Programming\Ant-Game2\game.h(8): message : see declaration of 'Tmpl8::Opponent'
C:\Users\Evan\OneDrive\00. School\00. BUAS - assignments\BUAS -Programming\Ant-Game2\game.cpp(48,21): error C2039: 'damages': is not a member of 'Tmpl8::Opponent'
C:\Users\Evan\OneDrive\00. School\00. BUAS - assignments\BUAS -Programming\Ant-Game2\game.h(8): message : see declaration of 'Tmpl8::Opponent'
C:\Users\Evan\OneDrive\00. School\00. BUAS - assignments\BUAS -Programming\Ant-Game2\game.cpp(53,21): error C2039: 'damages': is not a member of 'Tmpl8::Opponent'
C:\Users\Evan\OneDrive\00. School\00. BUAS - assignments\BUAS -Programming\Ant-Game2\game.h(8): message : see declaration of 'Tmpl8::Opponent'
C:\Users\Evan\OneDrive\00. School\00. BUAS - assignments\BUAS -Programming\Ant-Game2\game.cpp(54,21): error C2039: 'damages': is not a member of 'Tmpl8::Opponent'
C:\Users\Evan\OneDrive\00. School\00. BUAS - assignments\BUAS -Programming\Ant-Game2\game.h(8): message : see declaration of 'Tmpl8::Opponent'
C:\Users\Evan\OneDrive\00. School\00. BUAS - assignments\BUAS -Programming\Ant-Game2\game.cpp(55,21): error C2039: 'damages': is not a member of 'Tmpl8::Opponent'
C:\Users\Evan\OneDrive\00. School\00. BUAS - assignments\BUAS -Programming\Ant-Game2\game.h(8): message : see declaration of 'Tmpl8::Opponent'
C:\Users\Evan\OneDrive\00. School\00. BUAS - assignments\BUAS -Programming\Ant-Game2\game.cpp(56,21): error C2039: 'damages': is not a member of 'Tmpl8::Opponent'
C:\Users\Evan\OneDrive\00. School\00. BUAS - assignments\BUAS -Programming\Ant-Game2\game.h(8): message : see declaration of 'Tmpl8::Opponent'
C:\Users\Evan\OneDrive\00. School\00. BUAS - assignments\BUAS -Programming\Ant-Game2\game.cpp(57,21): error C2039: 'damages': is not a member of 'Tmpl8::Opponent'
C:\Users\Evan\OneDrive\00. School\00. BUAS - assignments\BUAS -Programming\Ant-Game2\game.h(8): message : see declaration of 'Tmpl8::Opponent'
C:\Users\Evan\OneDrive\00. School\00. BUAS - assignments\BUAS -Programming\Ant-Game2\game.cpp(58,21): error C2039: 'damages': is not a member of 'Tmpl8::Opponent'
C:\Users\Evan\OneDrive\00. School\00. BUAS - assignments\BUAS -Programming\Ant-Game2\game.h(8): message : see declaration of 'Tmpl8::Opponent'
C:\Users\Evan\OneDrive\00. School\00. BUAS - assignments\BUAS -Programming\Ant-Game2\game.cpp(65,21): error C2039: 'damages': is not a member of 'Tmpl8::Opponent'
C:\Users\Evan\OneDrive\00. School\00. BUAS - assignments\BUAS -Programming\Ant-Game2\game.h(8): message : see declaration of 'Tmpl8::Opponent'
C:\Users\Evan\OneDrive\00. School\00. BUAS - assignments\BUAS -Programming\Ant-Game2\game.cpp(66,21): error C2039: 'damages': is not a member of 'Tmpl8::Opponent'
C:\Users\Evan\OneDrive\00. School\00. BUAS - assignments\BUAS -Programming\Ant-Game2\game.h(8): message : see declaration of 'Tmpl8::Opponent'
C:\Users\Evan\OneDrive\00. School\00. BUAS - assignments\BUAS -Programming\Ant-Game2\game.cpp(67,21): error C2039: 'damages': is not a member of 'Tmpl8::Opponent'
C:\Users\Evan\OneDrive\00. School\00. BUAS - assignments\BUAS -Programming\Ant-Game2\game.h(8): message : see declaration of 'Tmpl8::Opponent'
C:\Users\Evan\OneDrive\00. School\00. BUAS - assignments\BUAS -Programming\Ant-Game2\game.cpp(68,21): error C2039: 'damages': is not a member of 'Tmpl8::Opponent'
C:\Users\Evan\OneDrive\00. School\00. BUAS - assignments\BUAS -Programming\Ant-Game2\game.h(8): message : see declaration of 'Tmpl8::Opponent'
C:\Users\Evan\OneDrive\00. School\00. BUAS - assignments\BUAS -Programming\Ant-Game2\game.cpp(69,21): error C2039: 'damages': is not a member of 'Tmpl8::Opponent'
C:\Users\Evan\OneDrive\00. School\00. BUAS - assignments\BUAS -Programming\Ant-Game2\game.h(8): message : see declaration of 'Tmpl8::Opponent'
C:\Users\Evan\OneDrive\00. School\00. BUAS - assignments\BUAS -Programming\Ant-Game2\game.cpp(70,21): error C2039: 'damages': is not a member of 'Tmpl8::Opponent'
C:\Users\Evan\OneDrive\00. School\00. BUAS - assignments\BUAS -Programming\Ant-Game2\game.h(8): message : see declaration of 'Tmpl8::Opponent'
C:\Users\Evan\OneDrive\00. School\00. BUAS - assignments\BUAS -Programming\Ant-Game2\game.cpp(75,21): error C2039: 'damages': is not a member of 'Tmpl8::Opponent'
C:\Users\Evan\OneDrive\00. School\00. BUAS - assignments\BUAS -Programming\Ant-Game2\game.h(8): message : see declaration of 'Tmpl8::Opponent'
C:\Users\Evan\OneDrive\00. School\00. BUAS - assignments\BUAS -Programming\Ant-Game2\game.cpp(76,21): error C2039: 'damages': is not a member of 'Tmpl8::Opponent'
C:\Users\Evan\OneDrive\00. School\00. BUAS - assignments\BUAS -Programming\Ant-Game2\game.h(8): message : see declaration of 'Tmpl8::Opponent'
C:\Users\Evan\OneDrive\00. School\00. BUAS - assignments\BUAS -Programming\Ant-Game2\game.cpp(77,21): error C2039: 'damages': is not a member of 'Tmpl8::Opponent'
C:\Users\Evan\OneDrive\00. School\00. BUAS - assignments\BUAS -Programming\Ant-Game2\game.h(8): message : see declaration of 'Tmpl8::Opponent'
C:\Users\Evan\OneDrive\00. School\00. BUAS - assignments\BUAS -Programming\Ant-Game2\game.cpp(78,21): error C2039: 'damages': is not a member of 'Tmpl8::Opponent'
C:\Users\Evan\OneDrive\00. School\00. BUAS - assignments\BUAS -Programming\Ant-Game2\game.h(8): message : see declaration of 'Tmpl8::Opponent'
C:\Users\Evan\OneDrive\00. School\00. BUAS - assignments\BUAS -Programming\Ant-Game2\game.cpp(79,21): error C2039: 'damages': is not a member of 'Tmpl8::Opponent'
C:\Users\Evan\OneDrive\00. School\00. BUAS - assignments\BUAS -Programming\Ant-Game2\game.h(8): message : see declaration of 'Tmpl8::Opponent'
C:\Users\Evan\OneDrive\00. School\00. BUAS - assignments\BUAS -Programming\Ant-Game2\game.cpp(80,21): error C2039: 'damages': is not a member of 'Tmpl8::Opponent'
C:\Users\Evan\OneDrive\00. School\00. BUAS - assignments\BUAS -Programming\Ant-Game2\game.h(8): message : see declaration of 'Tmpl8::Opponent'
C:\Users\Evan\OneDrive\00. School\00. BUAS - assignments\BUAS -Programming\Ant-Game2\game.cpp(99,9): error C2065: 'Computer_Health': undeclared identifier
  template.cpp
C:\Users\Evan\OneDrive\00. School\00. BUAS - assignments\BUAS -Programming\Ant-Game2\game.h(13,8): error C2039: 'pair': is not a member of 'std'
C:\Users\Evan\OneDrive\00. School\00. BUAS - assignments\BUAS -Programming\Ant-Game2\predefined C++ types (compiler internal)(339): message : see declaration of 'std'
C:\Users\Evan\OneDrive\00. School\00. BUAS - assignments\BUAS -Programming\Ant-Game2\game.h(13,13): error C2143: syntax error: missing ';' before '<'
C:\Users\Evan\OneDrive\00. School\00. BUAS - assignments\BUAS -Programming\Ant-Game2\game.h(13,13): error C4430: missing type specifier - int assumed. Note: C++ does not support default-int
C:\Users\Evan\OneDrive\00. School\00. BUAS - assignments\BUAS -Programming\Ant-Game2\game.h(13,24): error C2039: 'string': is not a member of 'std'
C:\Users\Evan\OneDrive\00. School\00. BUAS - assignments\BUAS -Programming\Ant-Game2\predefined C++ types (compiler internal)(339): message : see declaration of 'std'
C:\Users\Evan\OneDrive\00. School\00. BUAS - assignments\BUAS -Programming\Ant-Game2\game.h(13,42): error C2238: unexpected token(s) preceding ';'
C:\Users\Evan\OneDrive\00. School\00. BUAS - assignments\BUAS -Programming\Ant-Game2\template.cpp(421,36): error C2039: 'Computer_Health': is not a member of 'Tmpl8::Game'
C:\Users\Evan\OneDrive\00. School\00. BUAS - assignments\BUAS -Programming\Ant-Game2\game.h(18): message : see declaration of 'Tmpl8::Game'
C:\Users\Evan\OneDrive\00. School\00. BUAS - assignments\BUAS -Programming\Ant-Game2\template.cpp(429,3): error C3861: 'strpcy': identifier not found
C:\Users\Evan\OneDrive\00. School\00. BUAS - assignments\BUAS -Programming\Ant-Game2\template.cpp(444,23): error C2039: 'Computer_Choice': is not a member of 'Tmpl8::Game'
C:\Users\Evan\OneDrive\00. School\00. BUAS - assignments\BUAS -Programming\Ant-Game2\game.h(18): message : see declaration of 'Tmpl8::Game'
C:\Users\Evan\OneDrive\00. School\00. BUAS - assignments\BUAS -Programming\Ant-Game2\template.cpp(445,17): error C2039: 'Computer_Choice': is not a member of 'Tmpl8::Game'
C:\Users\Evan\OneDrive\00. School\00. BUAS - assignments\BUAS -Programming\Ant-Game2\game.h(18): message : see declaration of 'Tmpl8::Game'
C:\Users\Evan\OneDrive\00. School\00. BUAS - assignments\BUAS -Programming\Ant-Game2\template.cpp(461,29): error C2039: 'Computer_Health': is not a member of 'Tmpl8::Game'
C:\Users\Evan\OneDrive\00. School\00. BUAS - assignments\BUAS -Programming\Ant-Game2\game.h(18): message : see declaration of 'Tmpl8::Game'
C:\Users\Evan\OneDrive\00. School\00. BUAS - assignments\BUAS -Programming\Ant-Game2\template.cpp(473,29): error C2065: 'stpd': undeclared identifier
  Generating Code...
